<?xml version="1.0" encoding="UTF-8"?>
<!-- Generated by org.testng.reporters.JUnitXMLReporter -->
<testsuite ignored="0" hostname="BLRSFLT143" failures="2" tests="7" name="test suite" time="73.347" errors="0" timestamp="2024-05-14T15:25:38 IST">
  <testcase classname="Mainclass.Loginpagemainpage" name="Bannerup" time="1.907">
    <failure type="org.openqa.selenium.ElementClickInterceptedException" message="element click intercepted: Element &amp;lt;button _ngcontent-ng-c2799880882=&amp;quot;&amp;quot; type=&amp;quot;button&amp;quot; class=&amp;quot;btn btn-primary btn-sm font-bold ktm-sidebar-bannerUpload-toggle&amp;quot;&amp;gt;...&amp;lt;/button&amp;gt; is not clickable at point (930, 72). Other element would receive the click: &amp;lt;div _ngcontent-ng-c3348881096=&amp;quot;&amp;quot; class=&amp;quot;ktm-header-tools&amp;quot;&amp;gt;...&amp;lt;/div&amp;gt;
  (Session info: chrome=124.0.6367.201)
Build info: version: &amp;apos;3.141.59&amp;apos;, revision: &amp;apos;e82be7d358&amp;apos;, time: &amp;apos;2018-11-14T08:25:53&amp;apos;
System info: host: &amp;apos;BLRSFLT143&amp;apos;, ip: &amp;apos;192.168.10.143&amp;apos;, os.name: &amp;apos;Windows 10&amp;apos;, os.arch: &amp;apos;amd64&amp;apos;, os.version: &amp;apos;10.0&amp;apos;, java.version: &amp;apos;17.0.10&amp;apos;
Driver info: org.openqa.selenium.chrome.ChromeDriver
Capabilities {acceptInsecureCerts: false, browserName: chrome, browserVersion: 124.0.6367.201, chrome: {chromedriverVersion: 124.0.6367.78 (a087f2dd364d..., userDataDir: C:\Users\MADHU~1.SON\AppDat...}, fedcm:accounts: true, goog:chromeOptions: {debuggerAddress: localhost:61455}, javascriptEnabled: true, networkConnectionEnabled: false, pageLoadStrategy: normal, platform: WINDOWS, platformName: WINDOWS, proxy: Proxy(), setWindowRect: true, strictFileInteractability: false, timeouts: {implicit: 0, pageLoad: 300000, script: 30000}, unhandledPromptBehavior: dismiss and notify, webauthn:extension:credBlob: true, webauthn:extension:largeBlob: true, webauthn:extension:minPinLength: true, webauthn:extension:prf: true, webauthn:virtualAuthenticators: true}
Session ID: 4c075668db86dd103b781849c466411c">
      <![CDATA[org.openqa.selenium.ElementClickInterceptedException: element click intercepted: Element <button _ngcontent-ng-c2799880882="" type="button" class="btn btn-primary btn-sm font-bold ktm-sidebar-bannerUpload-toggle">...</button> is not clickable at point (930, 72). Other element would receive the click: <div _ngcontent-ng-c3348881096="" class="ktm-header-tools">...</div>
  (Session info: chrome=124.0.6367.201)
Build info: version: '3.141.59', revision: 'e82be7d358', time: '2018-11-14T08:25:53'
System info: host: 'BLRSFLT143', ip: '192.168.10.143', os.name: 'Windows 10', os.arch: 'amd64', os.version: '10.0', java.version: '17.0.10'
Driver info: org.openqa.selenium.chrome.ChromeDriver
Capabilities {acceptInsecureCerts: false, browserName: chrome, browserVersion: 124.0.6367.201, chrome: {chromedriverVersion: 124.0.6367.78 (a087f2dd364d..., userDataDir: C:\Users\MADHU~1.SON\AppDat...}, fedcm:accounts: true, goog:chromeOptions: {debuggerAddress: localhost:61455}, javascriptEnabled: true, networkConnectionEnabled: false, pageLoadStrategy: normal, platform: WINDOWS, platformName: WINDOWS, proxy: Proxy(), setWindowRect: true, strictFileInteractability: false, timeouts: {implicit: 0, pageLoad: 300000, script: 30000}, unhandledPromptBehavior: dismiss and notify, webauthn:extension:credBlob: true, webauthn:extension:largeBlob: true, webauthn:extension:minPinLength: true, webauthn:extension:prf: true, webauthn:virtualAuthenticators: true}
Session ID: 4c075668db86dd103b781849c466411c
at org.openqa.selenium.remote.http.W3CHttpResponseCodec.createException(W3CHttpResponseCodec.java:187)
at org.openqa.selenium.remote.http.W3CHttpResponseCodec.decode(W3CHttpResponseCodec.java:122)
at org.openqa.selenium.remote.http.W3CHttpResponseCodec.decode(W3CHttpResponseCodec.java:49)
at org.openqa.selenium.remote.HttpCommandExecutor.execute(HttpCommandExecutor.java:158)
at org.openqa.selenium.remote.service.DriverCommandExecutor.execute(DriverCommandExecutor.java:83)
at org.openqa.selenium.remote.RemoteWebDriver.execute(RemoteWebDriver.java:552)
at org.openqa.selenium.remote.RemoteWebElement.execute(RemoteWebElement.java:285)
at org.openqa.selenium.remote.RemoteWebElement.click(RemoteWebElement.java:84)
at Mainclass.Loginpagemainpage.Bannerup(Loginpagemainpage.java:65)
at java.base/java.util.ArrayList.forEach(ArrayList.java:1511)
... Removed 32 stack frames]]>
    </failure>
  </testcase> <!-- Bannerup -->
  <testcase classname="Mainclass.Loginpagemainpage" name="Loginpage" time="9.488"/>
  <testcase classname="Mainclass.Loginpagemainpage" name="addCustomrVoicee" time="11.12"/>
  <testcase classname="Mainclass.Loginpagemainpage" name="addCustomerLevel" time="4.434"/>
  <testcase classname="Mainclass.Loginpagemainpage" name="addCustomerVoiceLevel" time="12.718"/>
  <testcase classname="Mainclass.Loginpagemainpage" name="product_Improvementpage" time="0.0">
    <failure type="org.testng.TestNGException" message="
Cannot inject @Test annotated Method [product_Improvementpage] with [interface org.openqa.selenium.WebDriver].
For more information on native dependency injection please refer to https://testng.org/doc/documentation-main.html#native-dependency-injection">
      <![CDATA[org.testng.TestNGException: 
Cannot inject @Test annotated Method [product_Improvementpage] with [interface org.openqa.selenium.WebDriver].
For more information on native dependency injection please refer to https://testng.org/doc/documentation-main.html#native-dependency-injection
at java.base/java.util.ArrayList.forEach(ArrayList.java:1511)
... Removed 26 stack frames]]>
    </failure>
  </testcase> <!-- product_Improvementpage -->
  <testcase classname="Mainclass.Loginpagemainpage" name="sparePartCatalogue" time="21.521"/>
</testsuite> <!-- test suite -->
